<?xml version="1.0" encoding="UTF-8"?>
<!-- Generated by org.testng.reporters.JUnitReportReporter -->
<testsuite skipped="0" hostname="DESKTOP-KFO17RS" name="com.ip.collection.SinglyLinkedListTest" tests="1" failures="0" timestamp="2020-06-04T03:37:44 PDT" time="0.014" errors="0">
  <testcase name="test" time="0.014" classname="com.ip.collection.SinglyLinkedListTest"/>
  <system-out/>
</testsuite> <!-- com.ip.collection.SinglyLinkedListTest -->
