<?xml version="1.0" encoding="UTF-8"?>
<!-- Generated by org.testng.reporters.JUnitReportReporter -->
<testsuite skipped="0" hostname="DESKTOP-KFO17RS" name="com.ip.collection.GenericCircularBufferTest" tests="2" failures="0" timestamp="2020-06-04T03:24:10 PDT" time="0.017" errors="0">
  <testcase name="shouldOfferPollableElement" time="0.015" classname="com.ip.collection.GenericCircularBufferTest"/>
  <system-out/>
  <testcase name="shouldRecycleBuffer" time="0.002" classname="com.ip.collection.GenericCircularBufferTest"/>
  <system-out/>
</testsuite> <!-- com.ip.collection.GenericCircularBufferTest -->
