<?xml version="1.0" encoding="UTF-8"?>
<!-- Generated by org.testng.reporters.JUnitReportReporter -->
<testsuite skipped="0" hostname="DESKTOP-KFO17RS" name="com.ip.collection.ArrayListTest" tests="3" failures="0" timestamp="2020-06-04T04:16:04 PDT" time="0.002" errors="0">
  <testcase name="testSetElement" time="0.001" classname="com.ip.collection.ArrayListTest"/>
  <system-out/>
  <testcase name="testRemoveElement" time="0.000" classname="com.ip.collection.ArrayListTest"/>
  <system-out/>
  <testcase name="testListInit" time="0.001" classname="com.ip.collection.ArrayListTest"/>
  <system-out/>
</testsuite> <!-- com.ip.collection.ArrayListTest -->
