<?xml version="1.0" encoding="UTF-8"?>
<!-- Generated by org.testng.reporters.JUnitReportReporter -->
<testsuite skipped="0" hostname="DESKTOP-KFO17RS" name="com.ip.collection.StackTest" tests="1" failures="0" timestamp="2020-06-04T04:16:04 PDT" time="0.002" errors="0">
  <testcase name="test" time="0.002" classname="com.ip.collection.StackTest"/>
  <system-out/>
</testsuite> <!-- com.ip.collection.StackTest -->
