<?xml version="1.0" encoding="UTF-8"?>
<!-- Generated by org.testng.reporters.JUnitReportReporter -->
<testsuite skipped="0" hostname="DESKTOP-KFO17RS" name="com.ip.collection.SortedPairTest" tests="2" failures="0" timestamp="2020-06-04T04:16:04 PDT" time="0.004" errors="0">
  <testcase name="shouldRetainOrderOfOrderedPair" time="0.001" classname="com.ip.collection.SortedPairTest"/>
  <system-out/>
  <testcase name="shouldFlipOrderOfMisorderedPair" time="0.003" classname="com.ip.collection.SortedPairTest"/>
  <system-out/>
</testsuite> <!-- com.ip.collection.SortedPairTest -->
